2020-05-03 23:52:23.168093
 =========== 
F_classifier_type 
Percentage of data labelled 10 
   next %  precision  recall     f1  balanced_accuracy
0    10.0      0.935   0.858  0.895                1.0
1    20.0      0.908   0.806  0.854                1.0
2    30.0      0.874   0.764  0.815                1.0
2020-05-03 23:54:55.257190
 =========== 
F_classifier_type 
Percentage of data labelled 10 
   next %  precision  recall     f1  balanced_accuracy
0    10.0      0.927   0.868  0.896                1.0
1    20.0      0.900   0.825  0.861                1.0
2    30.0      0.860   0.791  0.824                1.0
   next %  precision  recall     f1  balanced_accuracy
0    10.0      0.937   0.871  0.903                1.0
1    20.0      0.911   0.828  0.867                1.0
2    30.0      0.872   0.786  0.827                1.0
   next %  precision  recall     f1  balanced_accuracy
0    10.0      0.936   0.869  0.901                1.0
1    20.0      0.922   0.829  0.873                1.0
2    30.0      0.888   0.790  0.836                1.0
   next %  precision  recall     f1  balanced_accuracy
0    10.0      0.942   0.867  0.903                1.0
1    20.0      0.915   0.825  0.868                1.0
2    30.0      0.876   0.781  0.826                1.0
   next %  precision  recall     f1  balanced_accuracy
0    10.0      0.937   0.864  0.899                1.0
1    20.0      0.914   0.819  0.864                1.0
2    30.0      0.876   0.774  0.822                1.0
   next %  precision  recall     f1  balanced_accuracy
0    10.0      0.942   0.866  0.903                1.0
1    20.0      0.918   0.823  0.868                1.0
2    30.0      0.880   0.777  0.825                1.0
Percentage of data labelled 20 
   next %  precision  recall     f1  balanced_accuracy
0    10.0      0.931   0.904  0.917                1.0
1    20.0      0.882   0.877  0.879                1.0
2    30.0      0.735   0.864  0.794                1.0
   next %  precision  recall     f1  balanced_accuracy
0    10.0      0.918   0.906  0.912                1.0
1    20.0      0.876   0.872  0.874                1.0
2    30.0      0.731   0.860  0.790                1.0
