 Info start 
 Info start 
 Info start 
 Info start 
 Info start 
 Info start 
 Info start 
 Info start 
 Info start 
 Info start 
 Info start 
 Info start 
 Info start 
 Info start 
1.0,0.5214219090061146,0.5126451665115527,0.5082154221786379,0.505797649117922,0.5040492644001346,0.503170871446352,0.5024945278144781,0.5019692016856366,0.5014947095150061,0.5011889554878648,0.5008739027120441,0.5006673732972167,0.5005788740409333,0.5004806277587053,0.5004119100859127,0.5003628233540568,0.5003431843586374,0.5002548919650209,0.5002156439913742,0.5001666176614721,0.5001372064761457,0.49978454185764093,0.49971602592977027,0.49966711051930757,0.4996377733831966,0.499637787567303,0.4996182234665309,0.49957909986100507,0.499579116340074
3.918495297805643e-05,0.9857366771159874,0.9928683385579937,0.9950626959247649,0.996512539184953,0.9974921630094044,0.9980015673981191,0.9985109717868339,0.9988636363636364,0.9991771159874608,0.9993338557993731,0.9994122257053292,0.9994905956112853,0.9996081504702194,0.9996865203761756,0.9996865203761756,0.9997257053291536,0.9997648902821317,0.9997648902821317,0.9998432601880878,0.9998432601880878,0.9998432601880878,0.9998432601880878,0.9998432601880878,0.9998824451410658,0.9999216300940439,0.999960815047022,0.999960815047022,0.999960815047022,1.0
 Info start 
1.0,0.5214219090061146,0.5126451665115527,0.5082154221786379,0.505797649117922,0.5040492644001346,0.503170871446352,0.5024945278144781,0.5019692016856366,0.5014947095150061,0.5011889554878648,0.5008739027120441,0.5006673732972167,0.5005788740409333,0.5004806277587053,0.5004119100859127,0.5003628233540568,0.5003431843586374,0.5002548919650209,0.5002156439913742,0.5001666176614721,0.5001372064761457,0.49978454185764093,0.49971602592977027,0.49966711051930757,0.4996377733831966,0.499637787567303,0.4996182234665309,0.49957909986100507,0.499579116340074
3.918495297805643e-05,0.9857366771159874,0.9928683385579937,0.9950626959247649,0.996512539184953,0.9974921630094044,0.9980015673981191,0.9985109717868339,0.9988636363636364,0.9991771159874608,0.9993338557993731,0.9994122257053292,0.9994905956112853,0.9996081504702194,0.9996865203761756,0.9996865203761756,0.9997257053291536,0.9997648902821317,0.9997648902821317,0.9998432601880878,0.9998432601880878,0.9998432601880878,0.9998432601880878,0.9998432601880878,0.9998824451410658,0.9999216300940439,0.999960815047022,0.999960815047022,0.999960815047022,1.0
c=1
AUC
0.7571269576671573
 Info start 
1.0,0.5214219090061146,0.5126451665115527,0.5082154221786379,0.505797649117922,0.5040492644001346,0.503170871446352,0.5024945278144781,0.5019692016856366,0.5014947095150061,0.5011889554878648,0.5008739027120441,0.5006673732972167,0.5005788740409333,0.5004806277587053,0.5004119100859127,0.5003628233540568,0.5003431843586374,0.5002548919650209,0.5002156439913742,0.5001666176614721,0.5001372064761457,0.49978454185764093,0.49971602592977027,0.49966711051930757,0.4996377733831966,0.499637787567303,0.4996182234665309,0.49957909986100507,0.499579116340074
3.918495297805643e-05,0.9857366771159874,0.9928683385579937,0.9950626959247649,0.996512539184953,0.9974921630094044,0.9980015673981191,0.9985109717868339,0.9988636363636364,0.9991771159874608,0.9993338557993731,0.9994122257053292,0.9994905956112853,0.9996081504702194,0.9996865203761756,0.9996865203761756,0.9997257053291536,0.9997648902821317,0.9997648902821317,0.9998432601880878,0.9998432601880878,0.9998432601880878,0.9998432601880878,0.9998432601880878,0.9998824451410658,0.9999216300940439,0.999960815047022,0.999960815047022,0.999960815047022,1.0
c=1
AUC
0.7571269576671573
