 K = 10
Length of data :: 2500
Current percentage of data labelled  :: 10
2020-04-19 16:02:53.886822
2020-04-19 18:13:28.835534
Length of data ::        PanjivaRecordID  Carrier  ConsigneePanjivaID  HSCode  PortOfLading  ...  ShipmentOrigin  ShipperPanjivaID  anomaly  fraud     score
27796        131502981      258                2849     131           181  ...              18              1507    False  False  0.520845
32923        130047474      254                2354     358           181  ...              18              3877    False  False  0.581101
35425        131720387      101                2954     598            35  ...              33              2871    False  False  0.602210
13240   12372993200301      452                2414     317            45  ...               1              2639     True   True  0.298433
50668        130990804      101                 746     528           105  ...              54              3358    False  False  0.688434
...                ...      ...                 ...     ...           ...  ...             ...               ...      ...    ...       ...
20638   13151437000901      153                2088     627            96  ...              39                53     True  False  0.386043
48406        130249334      325                 543     547            96  ...              91               690    False  False  0.677639
48016        129280278      305                1920     584           133  ...              41              3444    False  False  0.675948
57755        131171048      270                3300     547           144  ...              18               867    False  False  0.739509
55417        130948121       20                 974     193            40  ...              91              1009    False  False  0.717695

[3000 rows x 12 columns]
2020-04-19 19:07:49.156615
Length of data ::        PanjivaRecordID  Carrier  ConsigneePanjivaID  HSCode  PortOfLading  ...  ShipmentOrigin  ShipperPanjivaID  anomaly  fraud     score
35      12783714400902      426                1690     363           204  ...              59              3389     True  False  0.096881
42      12241193400201      268                  17     547            28  ...              18               850     True   True  0.100043
45      13118160100902      251                3098     358            82  ...              68              3510     True  False  0.100926
56      12367417800201      101                3114     373           169  ...              52              2548     True   True  0.103981
87      12923256600904      229                 529     358           181  ...              82               385     True  False  0.111904
...                ...      ...                 ...     ...           ...  ...             ...               ...      ...    ...       ...
59872        128166055      305                 656     419           181  ...              18              3565    False  False  0.788357
59889        126959670      200                 746     362            96  ...              18              4025    False  False  0.790882
59932        130785907       29                3300     547           181  ...              18              4028    False  False  0.798664
59938        130224625       29                3300     547           181  ...              18              4028    False  False  0.798664
59965        127148975       96                 812     547           181  ...              18              2332    False  False  0.804989

[3000 rows x 12 columns]
 K = 20
Length of data :: 3000
Current percentage of data labelled  :: 10
2020-04-19 19:09:09.488183
Length of data ::        PanjivaRecordID  Carrier  ConsigneePanjivaID  HSCode  PortOfLading  ...  ShipmentOrigin  ShipperPanjivaID  anomaly  fraud     score
35      12783714400902      426                1690     363           204  ...              59              3389     True  False  0.096881
42      12241193400201      268                  17     547            28  ...              18               850     True   True  0.100043
45      13118160100902      251                3098     358            82  ...              68              3510     True  False  0.100926
56      12367417800201      101                3114     373           169  ...              52              2548     True   True  0.103981
87      12923256600904      229                 529     358           181  ...              82               385     True  False  0.111904
...                ...      ...                 ...     ...           ...  ...             ...               ...      ...    ...       ...
59872        128166055      305                 656     419           181  ...              18              3565    False  False  0.788357
59889        126959670      200                 746     362            96  ...              18              4025    False  False  0.790882
59932        130785907       29                3300     547           181  ...              18              4028    False  False  0.798664
59938        130224625       29                3300     547           181  ...              18              4028    False  False  0.798664
59965        127148975       96                 812     547           181  ...              18              2332    False  False  0.804989

[3000 rows x 12 columns]
 K = 20
Length of data :: 3000
Current percentage of data labelled  :: 10
   next %  precision  recall     f1  balanced_accuracy
0    10.0      0.952   0.305  0.462              0.647
1    20.0      0.954   0.286  0.440              0.637
2    30.0      0.927   0.229  0.367              0.606
3    40.0      0.870   0.222  0.353              0.600
4    50.0      0.728   0.217  0.334              0.589
 K = 20
Length of data :: 3000
Current percentage of data labelled  :: 20
   next %  precision  recall     f1  balanced_accuracy
0    10.0      0.933   0.522  0.669              0.740
1    20.0      0.935   0.461  0.618              0.713
2    30.0      0.840   0.449  0.585              0.697
3    40.0      0.707   0.453  0.552              0.686
4    50.0      0.617   0.452  0.521              0.681
 K = 20
Length of data :: 3000
Current percentage of data labelled  :: 30
   next %  precision  recall     f1  balanced_accuracy
0    10.0      0.820   0.662  0.733              0.757
1    20.0      0.612   0.622  0.617              0.718
2    30.0      0.471   0.631  0.539              0.712
3    40.0      0.396   0.627  0.486              0.716
4    50.0      0.312   0.629  0.417              0.705
 K = 20
Length of data :: 3000
Current percentage of data labelled  :: 40
   next %  precision  recall     f1  balanced_accuracy
0    10.0      0.409   0.643  0.500              0.746
1    20.0      0.270   0.635  0.379              0.736
2    30.0      0.205   0.623  0.308              0.736
3    40.0      0.149   0.630  0.241              0.730
4    50.0      0.125   0.625  0.208              0.727
 K = 20
Length of data :: 3000
Current percentage of data labelled  :: 50
   next %  precision  recall     f1  balanced_accuracy
0    10.0      0.182   0.400  0.250              0.669
1    20.0      0.138   0.364  0.200              0.661
2    30.0      0.069   0.333  0.114              0.636
3    40.0      0.074   0.357  0.122              0.652
4    50.0      0.060   0.333  0.101              0.640
2020-04-19 23:38:17.777474
Length of data :: 3000
 K = 20
Length of data :: 3000
Current percentage of data labelled  :: 10
Classifier type :: RF
   next %  precision  recall     f1  balanced_accuracy
0    10.0      0.935   0.328  0.486              0.655
1    20.0      0.948   0.314  0.472              0.649
2    30.0      0.918   0.254  0.398              0.616
3    40.0      0.851   0.248  0.385              0.610
4    50.0      0.735   0.247  0.370              0.602
 K = 20
Length of data :: 3000
Current percentage of data labelled  :: 20
Classifier type :: RF
   next %  precision  recall     f1  balanced_accuracy
0    10.0      0.929   0.579  0.713              0.764
1    20.0      0.929   0.503  0.653              0.731
2    30.0      0.834   0.486  0.614              0.712
3    40.0      0.694   0.489  0.574              0.698
4    50.0      0.612   0.488  0.543              0.695
 K = 20
Length of data :: 3000
Current percentage of data labelled  :: 30
Classifier type :: RF
   next %  precision  recall     f1  balanced_accuracy
0    10.0      0.793   0.762  0.777              0.780
1    20.0      0.615   0.736  0.670              0.759
2    30.0      0.489   0.744  0.590              0.759
3    40.0      0.417   0.740  0.534              0.764
4    50.0      0.342   0.741  0.468              0.758
 K = 20
Length of data :: 3000
Current percentage of data labelled  :: 40
Classifier type :: RF
   next %  precision  recall     f1  balanced_accuracy
0    10.0      0.394   0.667  0.496              0.750
1    20.0      0.264   0.654  0.376              0.740
2    30.0      0.211   0.642  0.318              0.746
3    40.0      0.161   0.648  0.258              0.745
4    50.0      0.145   0.643  0.237              0.748
 K = 20
Length of data :: 3000
Current percentage of data labelled  :: 50
Classifier type :: RF
   next %  precision  recall     f1  balanced_accuracy
0    10.0      0.235   0.400  0.296              0.678
1    20.0      0.160   0.364  0.222              0.664
2    30.0      0.087   0.333  0.138              0.643
3    40.0      0.088   0.357  0.141              0.657
4    50.0      0.068   0.333  0.114              0.644
2020-04-20 00:15:52.335926
Length of data :: 10000
2020-04-20 00:57:01.735955
Length of data :: 10000
2020-04-20 14:43:31.424659
Length of data :: 5000
 K = 20
Length of data :: 5000
Current percentage of data labelled  :: 10
Classifier type :: RF
   next %  precision  recall     f1  balanced_accuracy
0    10.0      1.000   0.424  0.596              0.712
1    20.0      1.000   0.365  0.535              0.682
2    30.0      0.961   0.339  0.502              0.663
3    40.0      0.905   0.330  0.483              0.653
4    50.0      0.804   0.332  0.470              0.646
 K = 20
Length of data :: 5000
Current percentage of data labelled  :: 20
Classifier type :: RF
   next %  precision  recall     f1  balanced_accuracy
0    10.0      0.920   0.644  0.758              0.794
1    20.0      0.887   0.602  0.717              0.764
2    30.0      0.778   0.591  0.672              0.743
3    40.0      0.653   0.593  0.621              0.731
4    50.0      0.554   0.592  0.572              0.723
 K = 20
Length of data :: 5000
Current percentage of data labelled  :: 30
Classifier type :: RF
   next %  precision  recall     f1  balanced_accuracy
0    10.0      0.807   0.811  0.809              0.814
1    20.0      0.639   0.818  0.718              0.798
2    30.0      0.498   0.822  0.620              0.791
3    40.0      0.399   0.820  0.537              0.784
4    50.0      0.328   0.815  0.468              0.776
 K = 20
Length of data :: 5000
Current percentage of data labelled  :: 40
Classifier type :: RF
   next %  precision  recall     f1  balanced_accuracy
0    10.0      0.465   0.732  0.569              0.783
1    20.0      0.276   0.734  0.401              0.767
2    30.0      0.190   0.726  0.301              0.759
3    40.0      0.142   0.711  0.237              0.746
4    50.0      0.117   0.711  0.201              0.747
 K = 20
Length of data :: 5000
Current percentage of data labelled  :: 50
Classifier type :: RF
   next %  precision  recall     f1  balanced_accuracy
0    10.0      0.400   0.667  0.500              0.821
1    20.0      0.190   0.615  0.291              0.790
2    30.0      0.119   0.533  0.195              0.747
3    40.0      0.095   0.533  0.162              0.748
4    50.0      0.082   0.500  0.140              0.732
