 Info start 
 -----> china_export
-------------------
DIR china_export
 Info start 
 -----> china_export
-------------------
DIR china_export
 Info start 
 -----> china_export
-------------------
DIR china_export
 Info start 
 -----> china_export
-------------------
DIR china_export
 Info start 
 -----> china_export
-------------------
DIR china_export
 Info start 
 -----> china_export
-------------------
DIR china_export
 Info start 
 -----> china_export
-------------------
DIR china_export
 Info start 
 -----> china_export
-------------------
DIR china_export
 >> c = 1
 Info start 
 -----> china_export
-------------------
DIR china_export
 >> c = 1
 Info start 
 -----> china_export
-------------------
DIR china_export
 Info start 
 -----> china_export
-------------------
DIR china_export
 Info start 
 -----> china_export
-------------------
DIR china_export
 Info start 
 -----> china_export
-------------------
DIR china_export
 Info start 
 -----> china_export
-------------------
DIR china_export
 Info start 
 -----> china_export
-------------------
DIR china_export
 Info start 
 -----> china_export
-------------------
DIR china_export
 Info start 
 -----> china_export
-------------------
DIR china_export
 Info start 
 -----> china_export
-------------------
DIR china_export
 Info start 
 -----> china_export
-------------------
DIR china_export
 Info start 
 -----> china_export
-------------------
DIR china_export
 Info start 
 -----> china_export
-------------------
DIR china_export
 Info start 
 -----> china_export
-------------------
DIR china_export
 Info start 
 -----> china_export
-------------------
DIR china_export
 Info start 
 -----> china_export
-------------------
DIR china_export
 Info start 
 -----> china_export
-------------------
DIR china_export
 Info start 
 -----> china_export
-------------------
DIR china_export
 >> c = 1
 Info start 
 -----> china_export
-------------------
DIR china_export
 Info start 
 -----> china_export
-------------------
DIR china_export
 Info start 
 -----> china_export
-------------------
DIR china_export
 Info start 
 -----> china_export
-------------------
DIR china_export
 >> c = 1
 Info start 
 -----> china_export
-------------------
DIR china_export
 Info start 
 -----> china_export
-------------------
DIR china_export
 >> c = 1
 Info start 
 -----> china_export
-------------------
DIR china_export
 >> c = 1
 Info start 
 -----> china_export
-------------------
DIR china_export
 Info start 
 -----> china_export
-------------------
DIR china_export
 >> c = 1
 Info start 
 -----> china_export
-------------------
DIR china_export
 >> c = 1
 Info start 
 -----> china_export
-------------------
DIR china_export
 >> c = 1
 Info start 
 -----> china_export
-------------------
DIR china_export
 >> c = 1
 Info start 
 -----> china_export
-------------------
DIR china_export
 >> c = 1
 Info start 
 -----> china_export
-------------------
DIR china_export
 >> c = 1
 Info start 
 -----> china_export
-------------------
DIR china_export
 >> c = 1
 Info start 
 -----> china_export
-------------------
DIR china_export
 >> c = 1
 Info start 
 -----> china_export
-------------------
DIR china_export
 >> c = 1
AUC
0.8453726413734515
 >> c = 2
AUC
0.8933908712988583
 >> c = 3
AUC
0.9139418657420505
-------------------
 Info start 
 -----> china_export
-------------------
DIR china_export
 >> c = 1
 Info start 
 -----> china_export
-------------------
DIR china_export
 >> c = 1
AUC
0.5890485935571058
 >> c = 2
AUC
0.6347686814147264
 >> c = 3
AUC
0.6197488109655936
-------------------
 Info start 
 -----> china_export
-------------------
DIR china_export
 >> c = 1
 Info start 
 -----> china_export
-------------------
DIR china_export
 >> c = 1
 Info start 
 -----> china_export
-------------------
DIR china_export
 Info start 
 -----> china_export
-------------------
DIR china_export
 >> c = 1
AUC
0.5383536115646947
 >> c = 2
AUC
0.5712500299062211
 >> c = 3
AUC
0.6039980135608572
-------------------
 Info start 
 -----> china_export
-------------------
DIR china_export
 >> c = 1
AUC
0.6439209035488712
 >> c = 2
AUC
0.7122506374868675
 >> c = 3
AUC
0.7414273558506648
-------------------
 Info start 
 -----> china_export
-------------------
DIR china_export
 Info start 
 -----> china_export
-------------------
DIR china_export
 Info start 
 -----> china_export
-------------------
DIR china_export
 Info start 
 -----> china_export
-------------------
DIR china_export
 Info start 
 -----> china_export
-------------------
DIR china_export
 Info start 
 -----> china_export
-------------------
DIR china_export
 Info start 
 -----> china_export
-------------------
DIR china_export
 Info start 
 -----> china_export
-------------------
DIR china_export
 Info start 
 -----> china_export
-------------------
DIR china_export
 Info start 
 -----> china_export
-------------------
DIR china_export
 >> c = 1
 Info start 
 -----> china_export
-------------------
DIR china_export
 >> c = 1
AUC
0.8576373044380053
 >> c = 2
AUC
0.9081006535444207
 >> c = 3
AUC
0.9270299816538075
-------------------
 Info start 
 -----> china_export
-------------------
DIR china_export
 Info start 
 -----> china_export
-------------------
DIR china_export
 Info start 
 -----> china_export
-------------------
DIR china_export
 Info start 
 -----> china_export
-------------------
DIR china_export
 Info start 
 -----> china_export
-------------------
DIR china_export
 Info start 
 -----> china_export
-------------------
DIR china_export
 Info start 
 -----> china_export
-------------------
DIR china_export
 Info start 
 -----> china_export
-------------------
DIR china_export
 Info start 
 -----> china_export
-------------------
DIR china_export
 Info start 
 -----> china_export
-------------------
DIR china_export
 Info start 
 -----> china_export
-------------------
DIR china_export
 Info start 
 -----> china_export
-------------------
DIR china_export
 >> c = 1
AUC
0.8686336555781324
 >> c = 2
AUC
0.9073341193413487
 >> c = 3
AUC
0.9192083649469593
-------------------
