 K = 10
Length of data :: 100
Current percentage of data labelled  :: 10
[   With Input] accuracy at Top (next)  10 % :: 0.2
[   With Input] precision at Top (next)  10 % :: 0.0
[Without Input] accuracy at Top (next)  10 % :: 1.0
[Without Input] precision at Top (next)  10 % :: 1.0
[   With Input] accuracy at Top (next)  20 % :: 0.4
[   With Input] precision at Top (next)  20 % :: 0.0
[Without Input] accuracy at Top (next)  20 % :: 1.0
[Without Input] precision at Top (next)  20 % :: 1.0
[   With Input] accuracy at Top (next)  30 % :: 0.43
[   With Input] precision at Top (next)  30 % :: 0.0
[Without Input] accuracy at Top (next)  30 % :: 1.0
[Without Input] precision at Top (next)  30 % :: 1.0
[   With Input] accuracy at Top (next)  40 % :: 0.48
[   With Input] precision at Top (next)  40 % :: 0.0
[Without Input] accuracy at Top (next)  40 % :: 0.95
[Without Input] precision at Top (next)  40 % :: 1.0
[   With Input] accuracy at Top (next)  50 % :: 0.5
[   With Input] precision at Top (next)  50 % :: 0.0
[Without Input] accuracy at Top (next)  50 % :: 0.92
[Without Input] precision at Top (next)  50 % :: 1.0
 K = 10
Length of data :: 100
Current percentage of data labelled  :: 10
[   With Input] accuracy at Top (next)  10 % :: 0.2
[   With Input] precision at Top (next)  10 % :: 0.0
[Without Input] accuracy at Top (next)  10 % :: 1.0
[Without Input] precision at Top (next)  10 % :: 1.0
[   With Input] accuracy at Top (next)  20 % :: 0.4
[   With Input] precision at Top (next)  20 % :: 0.0
[Without Input] accuracy at Top (next)  20 % :: 1.0
[Without Input] precision at Top (next)  20 % :: 1.0
[   With Input] accuracy at Top (next)  30 % :: 0.43
[   With Input] precision at Top (next)  30 % :: 0.0
[Without Input] accuracy at Top (next)  30 % :: 1.0
[Without Input] precision at Top (next)  30 % :: 1.0
[   With Input] accuracy at Top (next)  40 % :: 0.48
[   With Input] precision at Top (next)  40 % :: 0.0
[Without Input] accuracy at Top (next)  40 % :: 0.95
[Without Input] precision at Top (next)  40 % :: 1.0
[   With Input] accuracy at Top (next)  50 % :: 0.5
[   With Input] precision at Top (next)  50 % :: 0.0
[Without Input] accuracy at Top (next)  50 % :: 0.92
[Without Input] precision at Top (next)  50 % :: 1.0
 K = 10
Length of data :: 100
Current percentage of data labelled  :: 10
[   With Input] accuracy at Top (next)  10 % :: 0.2
[   With Input] precision at Top (next)  10 % :: 0.0
[Without Input] accuracy at Top (next)  10 % :: 1.0
[Without Input] precision at Top (next)  10 % :: 1.0
[   With Input] accuracy at Top (next)  20 % :: 0.4
[   With Input] precision at Top (next)  20 % :: 0.0
[Without Input] accuracy at Top (next)  20 % :: 1.0
[Without Input] precision at Top (next)  20 % :: 1.0
[   With Input] accuracy at Top (next)  30 % :: 0.43
[   With Input] precision at Top (next)  30 % :: 0.0
[Without Input] accuracy at Top (next)  30 % :: 1.0
[Without Input] precision at Top (next)  30 % :: 1.0
[   With Input] accuracy at Top (next)  40 % :: 0.48
[   With Input] precision at Top (next)  40 % :: 0.0
[Without Input] accuracy at Top (next)  40 % :: 0.95
[Without Input] precision at Top (next)  40 % :: 1.0
[   With Input] accuracy at Top (next)  50 % :: 0.5
[   With Input] precision at Top (next)  50 % :: 0.0
[Without Input] accuracy at Top (next)  50 % :: 0.92
[Without Input] precision at Top (next)  50 % :: 1.0
 K = 10
Length of data :: 100
Current percentage of data labelled  :: 10
[   With Input] accuracy at Top (next)  10 % :: 0.2
[   With Input] precision at Top (next)  10 % :: 0.0
[Without Input] accuracy at Top (next)  10 % :: 1.0
[Without Input] precision at Top (next)  10 % :: 1.0
[   With Input] accuracy at Top (next)  20 % :: 0.4
[   With Input] precision at Top (next)  20 % :: 0.0
[Without Input] accuracy at Top (next)  20 % :: 1.0
[Without Input] precision at Top (next)  20 % :: 1.0
[   With Input] accuracy at Top (next)  30 % :: 0.43
[   With Input] precision at Top (next)  30 % :: 0.0
[Without Input] accuracy at Top (next)  30 % :: 1.0
[Without Input] precision at Top (next)  30 % :: 1.0
[   With Input] accuracy at Top (next)  40 % :: 0.48
[   With Input] precision at Top (next)  40 % :: 0.0
[Without Input] accuracy at Top (next)  40 % :: 0.95
[Without Input] precision at Top (next)  40 % :: 1.0
[   With Input] accuracy at Top (next)  50 % :: 0.5
[   With Input] precision at Top (next)  50 % :: 0.0
[Without Input] accuracy at Top (next)  50 % :: 0.92
[Without Input] precision at Top (next)  50 % :: 1.0
 K = 10
Length of data :: 100
Current percentage of data labelled  :: 10
[   With Input] accuracy at Top (next)  10 % :: 0.2
[   With Input] precision at Top (next)  10 % :: 0.0
[Without Input] accuracy at Top (next)  10 % :: 1.0
[Without Input] precision at Top (next)  10 % :: 1.0
[   With Input] accuracy at Top (next)  20 % :: 0.4
[   With Input] precision at Top (next)  20 % :: 0.0
[Without Input] accuracy at Top (next)  20 % :: 1.0
[Without Input] precision at Top (next)  20 % :: 1.0
[   With Input] accuracy at Top (next)  30 % :: 0.43
[   With Input] precision at Top (next)  30 % :: 0.0
[Without Input] accuracy at Top (next)  30 % :: 1.0
[Without Input] precision at Top (next)  30 % :: 1.0
[   With Input] accuracy at Top (next)  40 % :: 0.48
[   With Input] precision at Top (next)  40 % :: 0.0
[Without Input] accuracy at Top (next)  40 % :: 0.95
[Without Input] precision at Top (next)  40 % :: 1.0
[   With Input] accuracy at Top (next)  50 % :: 0.5
[   With Input] precision at Top (next)  50 % :: 0.0
[Without Input] accuracy at Top (next)  50 % :: 0.92
[Without Input] precision at Top (next)  50 % :: 1.0
 K = 10
Length of data :: 100
Current percentage of data labelled  :: 10
[   With Input] accuracy at Top (next)  10 % :: 0.2
[   With Input] precision at Top (next)  10 % :: 0.0
[Without Input] accuracy at Top (next)  10 % :: 0.8
[Without Input] precision at Top (next)  10 % :: 1.0
[   With Input] accuracy at Top (next)  20 % :: 0.4
[   With Input] precision at Top (next)  20 % :: 0.0
[Without Input] accuracy at Top (next)  20 % :: 0.6
[Without Input] precision at Top (next)  20 % :: 1.0
[   With Input] accuracy at Top (next)  30 % :: 0.43
[   With Input] precision at Top (next)  30 % :: 0.0
[Without Input] accuracy at Top (next)  30 % :: 0.57
[Without Input] precision at Top (next)  30 % :: 1.0
[   With Input] accuracy at Top (next)  40 % :: 0.48
[   With Input] precision at Top (next)  40 % :: 0.0
[Without Input] accuracy at Top (next)  40 % :: 0.52
[Without Input] precision at Top (next)  40 % :: 1.0
[   With Input] accuracy at Top (next)  50 % :: 0.5
[   With Input] precision at Top (next)  50 % :: 0.0
[Without Input] accuracy at Top (next)  50 % :: 0.5
[Without Input] precision at Top (next)  50 % :: 1.0
 K = 10
Length of data :: 100
Current percentage of data labelled  :: 10
[   With Input] accuracy at Top (next)  10 % :: 0.2
[   With Input] precision at Top (next)  10 % :: 0.0
[Without Input] accuracy at Top (next)  10 % :: 0.8
[Without Input] precision at Top (next)  10 % :: 1.0
[   With Input] accuracy at Top (next)  20 % :: 0.4
[   With Input] precision at Top (next)  20 % :: 0.0
[Without Input] accuracy at Top (next)  20 % :: 0.6
[Without Input] precision at Top (next)  20 % :: 1.0
[   With Input] accuracy at Top (next)  30 % :: 0.43
[   With Input] precision at Top (next)  30 % :: 0.0
[Without Input] accuracy at Top (next)  30 % :: 0.57
[Without Input] precision at Top (next)  30 % :: 1.0
[   With Input] accuracy at Top (next)  40 % :: 0.48
[   With Input] precision at Top (next)  40 % :: 0.0
[Without Input] accuracy at Top (next)  40 % :: 0.52
[Without Input] precision at Top (next)  40 % :: 1.0
[   With Input] accuracy at Top (next)  50 % :: 0.5
[   With Input] precision at Top (next)  50 % :: 0.0
[Without Input] accuracy at Top (next)  50 % :: 0.5
[Without Input] precision at Top (next)  50 % :: 1.0
 K = 10
Length of data :: 100
Current percentage of data labelled  :: 10
[   With Input] accuracy at Top (next)  10 % :: 0.2
[   With Input] precision at Top (next)  10 % :: 0.0
[Without Input] accuracy at Top (next)  10 % :: 0.8
[Without Input] precision at Top (next)  10 % :: 1.0
[   With Input] accuracy at Top (next)  20 % :: 0.4
[   With Input] precision at Top (next)  20 % :: 0.0
[Without Input] accuracy at Top (next)  20 % :: 0.6
[Without Input] precision at Top (next)  20 % :: 1.0
[   With Input] accuracy at Top (next)  30 % :: 0.43
[   With Input] precision at Top (next)  30 % :: 0.0
[Without Input] accuracy at Top (next)  30 % :: 0.57
[Without Input] precision at Top (next)  30 % :: 1.0
[   With Input] accuracy at Top (next)  40 % :: 0.48
[   With Input] precision at Top (next)  40 % :: 0.0
[Without Input] accuracy at Top (next)  40 % :: 0.52
[Without Input] precision at Top (next)  40 % :: 1.0
[   With Input] accuracy at Top (next)  50 % :: 0.5
[   With Input] precision at Top (next)  50 % :: 0.0
[Without Input] accuracy at Top (next)  50 % :: 0.5
[Without Input] precision at Top (next)  50 % :: 1.0
 K = 10
Length of data :: 100
Current percentage of data labelled  :: 10
[   With Input] accuracy at Top (next)  10 % :: 0.2
[   With Input] precision at Top (next)  10 % :: 0.0
[Without Input] accuracy at Top (next)  10 % :: 0.8
[Without Input] precision at Top (next)  10 % :: 1.0
[   With Input] accuracy at Top (next)  20 % :: 0.4
[   With Input] precision at Top (next)  20 % :: 0.0
[Without Input] accuracy at Top (next)  20 % :: 0.6
[Without Input] precision at Top (next)  20 % :: 1.0
[   With Input] accuracy at Top (next)  30 % :: 0.43
[   With Input] precision at Top (next)  30 % :: 0.0
[Without Input] accuracy at Top (next)  30 % :: 0.57
[Without Input] precision at Top (next)  30 % :: 1.0
[   With Input] accuracy at Top (next)  40 % :: 0.48
[   With Input] precision at Top (next)  40 % :: 0.0
[Without Input] accuracy at Top (next)  40 % :: 0.52
[Without Input] precision at Top (next)  40 % :: 1.0
[   With Input] accuracy at Top (next)  50 % :: 0.5
[   With Input] precision at Top (next)  50 % :: 0.0
[Without Input] accuracy at Top (next)  50 % :: 0.5
[Without Input] precision at Top (next)  50 % :: 1.0
 K = 10
Length of data :: 100
Current percentage of data labelled  :: 10
[   With Input] accuracy at Top (next)  10 % :: 0.2
[   With Input] precision at Top (next)  10 % :: 0.0
[Without Input] accuracy at Top (next)  10 % :: 0.8
[Without Input] precision at Top (next)  10 % :: 1.0
[   With Input] accuracy at Top (next)  20 % :: 0.4
[   With Input] precision at Top (next)  20 % :: 0.0
[Without Input] accuracy at Top (next)  20 % :: 0.6
[Without Input] precision at Top (next)  20 % :: 1.0
[   With Input] accuracy at Top (next)  30 % :: 0.43
[   With Input] precision at Top (next)  30 % :: 0.0
[Without Input] accuracy at Top (next)  30 % :: 0.57
[Without Input] precision at Top (next)  30 % :: 1.0
[   With Input] accuracy at Top (next)  40 % :: 0.48
[   With Input] precision at Top (next)  40 % :: 0.0
[Without Input] accuracy at Top (next)  40 % :: 0.52
[Without Input] precision at Top (next)  40 % :: 1.0
[   With Input] accuracy at Top (next)  50 % :: 0.5
[   With Input] precision at Top (next)  50 % :: 0.0
[Without Input] accuracy at Top (next)  50 % :: 0.5
[Without Input] precision at Top (next)  50 % :: 1.0
 K = 10
Length of data :: 100
Current percentage of data labelled  :: 10
[   With Input] accuracy at Top (next)  10 % :: 0.2
[   With Input] precision at Top (next)  10 % :: 0.0
[Without Input] accuracy at Top (next)  10 % :: 0.8
[Without Input] precision at Top (next)  10 % :: 1.0
[   With Input] accuracy at Top (next)  20 % :: 0.4
[   With Input] precision at Top (next)  20 % :: 0.0
[Without Input] accuracy at Top (next)  20 % :: 0.6
[Without Input] precision at Top (next)  20 % :: 1.0
[   With Input] accuracy at Top (next)  30 % :: 0.43
[   With Input] precision at Top (next)  30 % :: 0.0
[Without Input] accuracy at Top (next)  30 % :: 0.57
[Without Input] precision at Top (next)  30 % :: 1.0
[   With Input] accuracy at Top (next)  40 % :: 0.48
[   With Input] precision at Top (next)  40 % :: 0.0
[Without Input] accuracy at Top (next)  40 % :: 0.52
[Without Input] precision at Top (next)  40 % :: 1.0
[   With Input] accuracy at Top (next)  50 % :: 0.5
[   With Input] precision at Top (next)  50 % :: 0.0
[Without Input] accuracy at Top (next)  50 % :: 0.5
[Without Input] precision at Top (next)  50 % :: 1.0
 K = 10
Length of data :: 100
Current percentage of data labelled  :: 10
[   With Input] accuracy at Top (next)  10 % :: 0.2
[   With Input] precision at Top (next)  10 % :: 0.0
[Without Input] accuracy at Top (next)  10 % :: 0.8
[Without Input] precision at Top (next)  10 % :: 1.0
[   With Input] accuracy at Top (next)  20 % :: 0.4
[   With Input] precision at Top (next)  20 % :: 0.0
[Without Input] accuracy at Top (next)  20 % :: 0.6
[Without Input] precision at Top (next)  20 % :: 1.0
[   With Input] accuracy at Top (next)  30 % :: 0.43
[   With Input] precision at Top (next)  30 % :: 0.0
[Without Input] accuracy at Top (next)  30 % :: 0.57
[Without Input] precision at Top (next)  30 % :: 1.0
[   With Input] accuracy at Top (next)  40 % :: 0.48
[   With Input] precision at Top (next)  40 % :: 0.0
[Without Input] accuracy at Top (next)  40 % :: 0.52
[Without Input] precision at Top (next)  40 % :: 1.0
[   With Input] accuracy at Top (next)  50 % :: 0.5
[   With Input] precision at Top (next)  50 % :: 0.0
[Without Input] accuracy at Top (next)  50 % :: 0.5
[Without Input] precision at Top (next)  50 % :: 1.0
 K = 10
Length of data :: 100
Current percentage of data labelled  :: 10
[   With Input] accuracy at Top (next)  10 % :: 0.2
[   With Input] precision at Top (next)  10 % :: 0.0
[Without Input] accuracy at Top (next)  10 % :: 0.8
[Without Input] precision at Top (next)  10 % :: 1.0
[   With Input] accuracy at Top (next)  20 % :: 0.4
[   With Input] precision at Top (next)  20 % :: 0.0
[Without Input] accuracy at Top (next)  20 % :: 0.6
[Without Input] precision at Top (next)  20 % :: 1.0
[   With Input] accuracy at Top (next)  30 % :: 0.43
[   With Input] precision at Top (next)  30 % :: 0.0
[Without Input] accuracy at Top (next)  30 % :: 0.57
[Without Input] precision at Top (next)  30 % :: 1.0
[   With Input] accuracy at Top (next)  40 % :: 0.48
[   With Input] precision at Top (next)  40 % :: 0.0
[Without Input] accuracy at Top (next)  40 % :: 0.52
[Without Input] precision at Top (next)  40 % :: 1.0
[   With Input] accuracy at Top (next)  50 % :: 0.5
[   With Input] precision at Top (next)  50 % :: 0.0
[Without Input] accuracy at Top (next)  50 % :: 0.5
[Without Input] precision at Top (next)  50 % :: 1.0
 K = 10
Length of data :: 100
Current percentage of data labelled  :: 10
[   With Input] accuracy at Top (next)  10 % :: 0.2
[   With Input] precision at Top (next)  10 % :: 0.0
[Without Input] accuracy at Top (next)  10 % :: 0.8
[Without Input] precision at Top (next)  10 % :: 1.0
[   With Input] accuracy at Top (next)  20 % :: 0.4
[   With Input] precision at Top (next)  20 % :: 0.0
[Without Input] accuracy at Top (next)  20 % :: 0.6
[Without Input] precision at Top (next)  20 % :: 1.0
[   With Input] accuracy at Top (next)  30 % :: 0.43
[   With Input] precision at Top (next)  30 % :: 0.0
[Without Input] accuracy at Top (next)  30 % :: 0.57
[Without Input] precision at Top (next)  30 % :: 1.0
[   With Input] accuracy at Top (next)  40 % :: 0.48
[   With Input] precision at Top (next)  40 % :: 0.0
[Without Input] accuracy at Top (next)  40 % :: 0.52
[Without Input] precision at Top (next)  40 % :: 1.0
[   With Input] accuracy at Top (next)  50 % :: 0.5
[   With Input] precision at Top (next)  50 % :: 0.0
[Without Input] accuracy at Top (next)  50 % :: 0.5
[Without Input] precision at Top (next)  50 % :: 1.0
 K = 10
Length of data :: 100
Current percentage of data labelled  :: 10
[   With Input] accuracy at Top (next)  10 % :: 0.2
[   With Input] precision at Top (next)  10 % :: 0.0
[Without Input] accuracy at Top (next)  10 % :: 0.8
[Without Input] precision at Top (next)  10 % :: 1.0
[   With Input] accuracy at Top (next)  20 % :: 0.4
[   With Input] precision at Top (next)  20 % :: 0.0
[Without Input] accuracy at Top (next)  20 % :: 0.6
[Without Input] precision at Top (next)  20 % :: 1.0
[   With Input] accuracy at Top (next)  30 % :: 0.43
[   With Input] precision at Top (next)  30 % :: 0.0
[Without Input] accuracy at Top (next)  30 % :: 0.57
[Without Input] precision at Top (next)  30 % :: 1.0
[   With Input] accuracy at Top (next)  40 % :: 0.48
[   With Input] precision at Top (next)  40 % :: 0.0
[Without Input] accuracy at Top (next)  40 % :: 0.52
[Without Input] precision at Top (next)  40 % :: 1.0
[   With Input] accuracy at Top (next)  50 % :: 0.5
[   With Input] precision at Top (next)  50 % :: 0.0
[Without Input] accuracy at Top (next)  50 % :: 0.5
[Without Input] precision at Top (next)  50 % :: 1.0
 K = 10
Length of data :: 100
Current percentage of data labelled  :: 10
[   With Input] accuracy at Top (next)  10 % :: 0.2
[   With Input] precision at Top (next)  10 % :: 0.0
[Without Input] accuracy at Top (next)  10 % :: 0.8
[Without Input] precision at Top (next)  10 % :: 1.0
[   With Input] accuracy at Top (next)  20 % :: 0.4
[   With Input] precision at Top (next)  20 % :: 0.0
[Without Input] accuracy at Top (next)  20 % :: 0.6
[Without Input] precision at Top (next)  20 % :: 1.0
[   With Input] accuracy at Top (next)  30 % :: 0.43
[   With Input] precision at Top (next)  30 % :: 0.0
[Without Input] accuracy at Top (next)  30 % :: 0.57
[Without Input] precision at Top (next)  30 % :: 1.0
[   With Input] accuracy at Top (next)  40 % :: 0.48
[   With Input] precision at Top (next)  40 % :: 0.0
[Without Input] accuracy at Top (next)  40 % :: 0.52
[Without Input] precision at Top (next)  40 % :: 1.0
[   With Input] accuracy at Top (next)  50 % :: 0.5
[   With Input] precision at Top (next)  50 % :: 0.0
[Without Input] accuracy at Top (next)  50 % :: 0.5
[Without Input] precision at Top (next)  50 % :: 1.0
 K = 10
Length of data :: 100
Current percentage of data labelled  :: 10
[   With Input] accuracy at Top (next)  10 % :: 0.2
[   With Input] precision at Top (next)  10 % :: 0.0
[Without Input] accuracy at Top (next)  10 % :: 0.8
[Without Input] precision at Top (next)  10 % :: 1.0
[   With Input] accuracy at Top (next)  20 % :: 0.4
[   With Input] precision at Top (next)  20 % :: 0.0
[Without Input] accuracy at Top (next)  20 % :: 0.6
[Without Input] precision at Top (next)  20 % :: 1.0
[   With Input] accuracy at Top (next)  30 % :: 0.43
[   With Input] precision at Top (next)  30 % :: 0.0
[Without Input] accuracy at Top (next)  30 % :: 0.57
[Without Input] precision at Top (next)  30 % :: 1.0
[   With Input] accuracy at Top (next)  40 % :: 0.48
[   With Input] precision at Top (next)  40 % :: 0.0
[Without Input] accuracy at Top (next)  40 % :: 0.52
[Without Input] precision at Top (next)  40 % :: 1.0
[   With Input] accuracy at Top (next)  50 % :: 0.5
[   With Input] precision at Top (next)  50 % :: 0.0
[Without Input] accuracy at Top (next)  50 % :: 0.5
[Without Input] precision at Top (next)  50 % :: 1.0
 K = 10
Length of data :: 100
Current percentage of data labelled  :: 10
[   With Input] accuracy at Top (next)  10 % :: 0.2
[   With Input] precision at Top (next)  10 % :: 0.0
[Without Input] accuracy at Top (next)  10 % :: 0.8
[Without Input] precision at Top (next)  10 % :: 1.0
[   With Input] accuracy at Top (next)  20 % :: 0.4
[   With Input] precision at Top (next)  20 % :: 0.0
[Without Input] accuracy at Top (next)  20 % :: 0.6
[Without Input] precision at Top (next)  20 % :: 1.0
[   With Input] accuracy at Top (next)  30 % :: 0.43
[   With Input] precision at Top (next)  30 % :: 0.0
[Without Input] accuracy at Top (next)  30 % :: 0.57
[Without Input] precision at Top (next)  30 % :: 1.0
[   With Input] accuracy at Top (next)  40 % :: 0.48
[   With Input] precision at Top (next)  40 % :: 0.0
[Without Input] accuracy at Top (next)  40 % :: 0.52
[Without Input] precision at Top (next)  40 % :: 1.0
[   With Input] accuracy at Top (next)  50 % :: 0.5
[   With Input] precision at Top (next)  50 % :: 0.0
[Without Input] accuracy at Top (next)  50 % :: 0.5
[Without Input] precision at Top (next)  50 % :: 1.0
 K = 10
Length of data :: 100
Current percentage of data labelled  :: 10
[   With Input] accuracy at Top (next)  10 % :: 0.2
[   With Input] precision at Top (next)  10 % :: 0.0
[Without Input] accuracy at Top (next)  10 % :: 0.8
[Without Input] precision at Top (next)  10 % :: 1.0
[   With Input] accuracy at Top (next)  20 % :: 0.4
[   With Input] precision at Top (next)  20 % :: 0.0
[Without Input] accuracy at Top (next)  20 % :: 0.6
[Without Input] precision at Top (next)  20 % :: 1.0
[   With Input] accuracy at Top (next)  30 % :: 0.43
[   With Input] precision at Top (next)  30 % :: 0.0
[Without Input] accuracy at Top (next)  30 % :: 0.57
[Without Input] precision at Top (next)  30 % :: 1.0
[   With Input] accuracy at Top (next)  40 % :: 0.48
[   With Input] precision at Top (next)  40 % :: 0.0
[Without Input] accuracy at Top (next)  40 % :: 0.52
[Without Input] precision at Top (next)  40 % :: 1.0
[   With Input] accuracy at Top (next)  50 % :: 0.5
[   With Input] precision at Top (next)  50 % :: 0.0
[Without Input] accuracy at Top (next)  50 % :: 0.5
[Without Input] precision at Top (next)  50 % :: 1.0
 K = 10
Length of data :: 100
Current percentage of data labelled  :: 10
[   With Input] accuracy at Top (next)  10 % :: 0.2
[   With Input] precision at Top (next)  10 % :: 0.0
[Without Input] accuracy at Top (next)  10 % :: 0.8
[Without Input] precision at Top (next)  10 % :: 1.0
[   With Input] accuracy at Top (next)  20 % :: 0.4
[   With Input] precision at Top (next)  20 % :: 0.0
[Without Input] accuracy at Top (next)  20 % :: 0.6
[Without Input] precision at Top (next)  20 % :: 1.0
[   With Input] accuracy at Top (next)  30 % :: 0.43
[   With Input] precision at Top (next)  30 % :: 0.0
[Without Input] accuracy at Top (next)  30 % :: 0.57
[Without Input] precision at Top (next)  30 % :: 1.0
[   With Input] accuracy at Top (next)  40 % :: 0.48
[   With Input] precision at Top (next)  40 % :: 0.0
[Without Input] accuracy at Top (next)  40 % :: 0.52
[Without Input] precision at Top (next)  40 % :: 1.0
[   With Input] accuracy at Top (next)  50 % :: 0.5
[   With Input] precision at Top (next)  50 % :: 0.0
[Without Input] accuracy at Top (next)  50 % :: 0.5
[Without Input] precision at Top (next)  50 % :: 1.0
2020-04-19 16:02:51.616179
2020-04-19 16:03:31.435543
2020-04-19 16:04:32.057089
Length of data ::        PanjivaRecordID  Carrier  ConsigneePanjivaID  HSCode  PortOfLading  ...  ShipmentOrigin  ShipperPanjivaID  anomaly  fraud     score
59      10863797100102      347                1262     420           189  ...              30               730     True   True  0.102189
72      10874188300201      210                 706     356           183  ...              78              2194     True   True  0.106319
78      11193724200905      198                 830     472             0  ...              49                14     True  False  0.107846
97      11037811800905      357                  39     306           142  ...              16              1326     True  False  0.110944
105     11028811400904       85                 643     395           169  ...              16              1102     True  False  0.112189
...                ...      ...                 ...     ...           ...  ...             ...               ...      ...    ...       ...
39898        110378042      173                1539     487           169  ...              16              2858    False  False  0.773709
39903        110618737      216                2470     356           169  ...              16              3123    False  False  0.774506
39905        112236868       12                 887     281           169  ...              16              2743    False  False  0.774592
39929        112378963      168                 882     487            97  ...              35              2278    False  False  0.780501
39979        111739607      120                2470     420           190  ...              16              1270    False  False  0.795771

[3000 rows x 12 columns]
 K = 10
Length of data :: 3000
Current percentage of data labelled  :: 10
   next %  precision  recall     f1  balanced_accuracy
0    10.0        1.0   0.016  0.031              0.508
1    20.0        1.0   0.015  0.029              0.507
2    30.0        1.0   0.009  0.019              0.505
3    40.0        1.0   0.008  0.017              0.504
4    50.0        0.8   0.008  0.016              0.504
 K = 10
Length of data :: 3000
Current percentage of data labelled  :: 10
   next %  precision  recall     f1  balanced_accuracy
0    10.0        1.0   0.016  0.031              0.508
1    20.0        1.0   0.015  0.029              0.507
2    30.0        1.0   0.009  0.019              0.505
3    40.0        1.0   0.008  0.017              0.504
4    50.0        0.8   0.008  0.016              0.504
 K = 10
Length of data :: 3000
Current percentage of data labelled  :: 10
   next %  precision  recall     f1  balanced_accuracy
0    10.0        1.0   0.016  0.031              0.508
1    20.0        1.0   0.015  0.029              0.507
2    30.0        1.0   0.009  0.019              0.505
3    40.0        1.0   0.008  0.017              0.504
4    50.0        0.8   0.008  0.016              0.504
 K = 10
Length of data :: 3000
Current percentage of data labelled  :: 10
   next %  precision  recall     f1  balanced_accuracy
0    10.0        1.0   0.016  0.031              0.508
1    20.0        1.0   0.015  0.029              0.507
2    30.0        1.0   0.009  0.019              0.505
3    40.0        1.0   0.008  0.017              0.504
4    50.0        0.8   0.008  0.016              0.504
 K = 10
Length of data :: 3000
Current percentage of data labelled  :: 10
   next %  precision  recall  f1  balanced_accuracy
0    10.0        0.0     0.0 NaN                0.5
1    20.0        0.0     0.0 NaN                0.5
2    30.0        0.0     0.0 NaN                0.5
3    40.0        0.0     0.0 NaN                0.5
4    50.0        0.0     0.0 NaN                0.5
2020-04-19 23:37:52.644538
Length of data :: 3000
 K = 20
Length of data :: 3000
Current percentage of data labelled  :: 10
Classifier type :: RF
   next %  precision  recall     f1  balanced_accuracy
0    10.0      0.903   0.441  0.593              0.703
1    20.0      0.847   0.410  0.552              0.674
2    30.0      0.832   0.363  0.505              0.649
3    40.0      0.779   0.358  0.491              0.646
4    50.0      0.669   0.353  0.462              0.635
 K = 20
Length of data :: 3000
Current percentage of data labelled  :: 20
Classifier type :: RF
   next %  precision  recall     f1  balanced_accuracy
0    10.0      0.933   0.583  0.718              0.772
1    20.0      0.939   0.519  0.668              0.743
2    30.0      0.813   0.504  0.623              0.716
3    40.0      0.693   0.496  0.578              0.702
4    50.0      0.595   0.493  0.539              0.693
 K = 20
Length of data :: 3000
Current percentage of data labelled  :: 30
Classifier type :: RF
   next %  precision  recall     f1  balanced_accuracy
0    10.0      0.840   0.589  0.693              0.738
1    20.0      0.656   0.607  0.630              0.723
2    30.0      0.531   0.602  0.564              0.720
3    40.0      0.447   0.599  0.512              0.718
4    50.0      0.366   0.603  0.455              0.712
 K = 20
Length of data :: 3000
Current percentage of data labelled  :: 40
Classifier type :: RF
   next %  precision  recall     f1  balanced_accuracy
0    10.0      0.448   0.600  0.513              0.726
1    20.0      0.327   0.600  0.424              0.731
2    30.0      0.248   0.621  0.355              0.736
3    40.0      0.185   0.618  0.285              0.727
4    50.0      0.145   0.609  0.234              0.718
 K = 20
Length of data :: 3000
Current percentage of data labelled  :: 50
Classifier type :: RF
   next %  precision  recall     f1  balanced_accuracy
0    10.0      0.222   0.200  0.211              0.588
1    20.0      0.167   0.188  0.176              0.581
2    30.0      0.118   0.222  0.154              0.594
3    40.0      0.062   0.211  0.095              0.579
4    50.0      0.072   0.238  0.111              0.597
2020-04-20 00:16:01.122608
Length of data :: 10000
2020-04-20 00:56:48.648572
Length of data :: 10000
2020-04-20 14:43:05.965186
Length of data :: 5000
 K = 20
Length of data :: 5000
Current percentage of data labelled  :: 10
Classifier type :: RF
   next %  precision  recall     f1  balanced_accuracy
0    10.0      0.954   0.702  0.809              0.836
1    20.0      0.925   0.586  0.718              0.771
2    30.0      0.916   0.535  0.675              0.745
3    40.0      0.814   0.512  0.628              0.716
4    50.0      0.727   0.505  0.596              0.706
 K = 20
Length of data :: 5000
Current percentage of data labelled  :: 20
Classifier type :: RF
   next %  precision  recall     f1  balanced_accuracy
0    10.0      0.860   0.718  0.782              0.801
1    20.0      0.817   0.706  0.758              0.780
2    30.0      0.690   0.693  0.691              0.749
3    40.0      0.592   0.686  0.636              0.744
4    50.0      0.495   0.685  0.574              0.733
 K = 20
Length of data :: 5000
Current percentage of data labelled  :: 30
Classifier type :: RF
   next %  precision  recall     f1  balanced_accuracy
0    10.0      0.778   0.802  0.790              0.802
1    20.0      0.598   0.824  0.693              0.776
2    30.0      0.483   0.821  0.608              0.781
3    40.0      0.392   0.821  0.530              0.777
4    50.0      0.332   0.822  0.473              0.777
 K = 20
Length of data :: 5000
Current percentage of data labelled  :: 40
Classifier type :: RF
   next %  precision  recall     f1  balanced_accuracy
0    10.0      0.510   0.753  0.608              0.789
1    20.0      0.359   0.716  0.479              0.780
2    30.0      0.254   0.719  0.375              0.773
3    40.0      0.200   0.718  0.313              0.770
4    50.0      0.160   0.702  0.260              0.757
 K = 20
Length of data :: 5000
Current percentage of data labelled  :: 50
Classifier type :: RF
   next %  precision  recall     f1  balanced_accuracy
0    10.0      0.267   0.333  0.296              0.655
1    20.0      0.133   0.471  0.208              0.709
2    30.0      0.106   0.450  0.171              0.699
3    40.0      0.083   0.417  0.139              0.680
4    50.0      0.080   0.440  0.135              0.694
