
2020-05-02 20:49:11.822177
2020-05-02 20:50:09.091002
2020-05-02 20:52:28.900145
2020-05-02 20:54:53.483212
2020-05-02 20:56:57.326286
2020-05-02 21:58:49.093915
2020-05-02 22:05:18.761875
2020-05-02 22:10:54.487215
2020-05-02 22:12:04.241772
2020-05-02 22:14:11.074990
2020-05-02 22:15:49.478590
2020-05-02 22:18:48.505176
2020-05-02 22:19:47.408399
2020-05-02 22:21:40.134198
2020-05-02 22:24:54.972650
2020-05-02 22:27:10.485235
2020-05-02 22:28:07.722764
2020-05-02 22:29:44.580169
2020-05-03 04:11:49.378712
2020-05-03 18:34:57.658448
 =========== 
F_classifier_type 
Percentage of data labelled 10 
2020-05-03 21:38:56.225263
 =========== 
F_classifier_type 
Percentage of data labelled 10 
2020-05-03 23:18:10.684038
 =========== 
F_classifier_type 
Percentage of data labelled 10 
   next %  precision  recall     f1  balanced_accuracy
0    10.0      0.845   0.640  0.728                1.0
1    20.0      0.845   0.548  0.665                1.0
2    30.0      0.827   0.511  0.632                1.0
Percentage of data labelled 20 
   next %  precision  recall     f1  balanced_accuracy
0    10.0      0.508     1.0  0.674                1.0
1    20.0      0.506     1.0  0.672                1.0
2    30.0      0.383     1.0  0.554                1.0
Percentage of data labelled 30 
   next %  precision  recall     f1  balanced_accuracy
0    10.0      0.775   0.845  0.808                1.0
1    20.0      0.581   0.847  0.689                1.0
2    30.0      0.459   0.845  0.595                1.0
