 ------------------  
 Current checkpoint (% of records already labelled) :: 10
Size of Data set ::80000
Classifier :: RF
 ------------------  
 Current checkpoint (% of records already labelled) :: 10
Size of Data set ::80000
Classifier :: RF
[ Without Input] accuracy at Top (next)  10 % :: 0.48
[ Without Input] precision at Top (next)  10 % :: 1.0
[  With Input] accuracy at Top (next)  10 % :: 0.68
[  With Input] precision at Top (next)  10 % :: 0.57
[ Without Input] accuracy at Top (next)  20 % :: 0.49
[ Without Input] precision at Top (next)  20 % :: 1.0
[  With Input] accuracy at Top (next)  20 % :: 0.62
[  With Input] precision at Top (next)  20 % :: 0.32
[ Without Input] accuracy at Top (next)  30 % :: 0.46
[ Without Input] precision at Top (next)  30 % :: 1.0
[  With Input] accuracy at Top (next)  30 % :: 0.62
[  With Input] precision at Top (next)  30 % :: 0.23
[ Without Input] accuracy at Top (next)  40 % :: 0.37
[ Without Input] precision at Top (next)  40 % :: 1.0
[  With Input] accuracy at Top (next)  40 % :: 0.68
[  With Input] precision at Top (next)  40 % :: 0.21
[ Without Input] accuracy at Top (next)  50 % :: 0.3
[ Without Input] precision at Top (next)  50 % :: 1.0
[  With Input] accuracy at Top (next)  50 % :: 0.74
[  With Input] precision at Top (next)  50 % :: 0.21
 ------------------  
 Current checkpoint (% of records already labelled) :: 20
Size of Data set ::80000
Classifier :: RF
